#
# There is insufficient memory for the Java Runtime Environment to continue.
# Native memory allocation (mmap) failed to map 333447168 bytes for Failed to commit area from 0x00000006c2e00000 to 0x00000006d6c00000 of length 333447168.
# Possible reasons:
#   The system is out of physical RAM or swap space
#   The process is running with CompressedOops enabled, and the Java Heap may be blocking the growth of the native heap
# Possible solutions:
#   Reduce memory load on the system
#   Increase physical memory or swap space
#   Check if swap backing store is full
#   Decrease Java heap size (-Xmx/-Xms)
#   Decrease number of Java threads
#   Decrease Java thread stack sizes (-Xss)
#   Set larger code cache with -XX:ReservedCodeCacheSize=
# This output file may be truncated or incomplete.
#
#  Out of Memory Error (./src/hotspot/os/windows/os_windows.cpp:3387), pid=20708, tid=21040
#
# JRE version:  (11.0.14.1+1) (build )
# Java VM: OpenJDK 64-Bit Server VM (11.0.14.1+1-LTS, mixed mode, sharing, tiered, compressed oops, g1 gc, windows-amd64)
# No core dump will be written. Minidumps are not enabled by default on client versions of Windows
#

---------------  S U M M A R Y ------------

Command Line: -Dsass.compiler.jni.clean.temp.dir=true -Dfile.encoding=UTF-8 -Duser.country=RU -Duser.language=ru -Duser.variant com.liferay.css.builder.CSSBuilder --append-css-import-timestamps=true --base-dir=C:/project/liferay-training/modules/first-portlet/build/tmp/copyCSS --dir-names=/ --excludes=**/_diffs/**,**/.sass-cache*/**,**/.sass_cache_*/**,**/_sass_cache_*/**,**/_styled/**,**/_unstyled/**,**/css/aui/**,**/css/clay/**,**/tmp/** --generate-source-map=false --import-paths=C:\Gradle\gradle-7.4.2\caches\modules-2\files-2.1\com.liferay\com.liferay.frontend.css.common\6.0.4\b5c429a946a65ca9641d1f0f5f4542010837a8d0\com.liferay.frontend.css.common-6.0.4.jar --output-dir=.sass-cache/ --precision=9 --rtl-excluded-path-regexps=

Host: Intel(R) Core(TM) i5-8265U CPU @ 1.60GHz, 8 cores, 19G,  Windows 10 , 64 bit Build 17763 (10.0.17763.2989)
Time: Thu Jul 21 16:39:06 2022 RTZ 2 (ceia) elapsed time: 0.013404 seconds (0d 0h 0m 0s)

---------------  T H R E A D  ---------------

Current thread (0x000002086911e800):  JavaThread "Unknown thread" [_thread_in_vm, id=21040, stack(0x000000d71ca00000,0x000000d71cb00000)]

Stack: [0x000000d71ca00000,0x000000d71cb00000]
Native frames: (J=compiled Java code, j=interpreted, Vv=VM code, C=native code)
V  [jvm.dll+0x61e57a]
V  [jvm.dll+0x7aac89]
V  [jvm.dll+0x7ac378]
V  [jvm.dll+0x7aca53]
V  [jvm.dll+0x24f9b8]
V  [jvm.dll+0x61b81a]
V  [jvm.dll+0x6100a5]
V  [jvm.dll+0x30770c]
V  [jvm.dll+0x307592]
V  [jvm.dll+0x30c2b6]
V  [jvm.dll+0x35270f]
V  [jvm.dll+0x352140]
V  [jvm.dll+0x2e4708]
V  [jvm.dll+0x2e5866]
V  [jvm.dll+0x784ae7]
V  [jvm.dll+0x78626f]
V  [jvm.dll+0x35f459]
V  [jvm.dll+0x767a80]
V  [jvm.dll+0x3cceff]
V  [jvm.dll+0x3cf291]
C  [jli.dll+0x5207]
C  [ucrtbase.dll+0x2268a]
C  [KERNEL32.DLL+0x17974]
C  [ntdll.dll+0x5a2f1]


---------------  P R O C E S S  ---------------

Threads class SMR info:
_java_thread_list=0x0000020866e47000, length=0, elements={
}

Java Threads: ( => current thread )

Other Threads:
  0x0000020869137800 GCTaskThread "GC Thread#0" [stack: 0x000000d71cb00000,0x000000d71cc00000] [id=18748]
  0x00000208691ab000 ConcurrentGCThread "G1 Main Marker" [stack: 0x000000d71cc00000,0x000000d71cd00000] [id=6680]
  0x00000208691ac800 ConcurrentGCThread "G1 Conc#0" [stack: 0x000000d71cd00000,0x000000d71ce00000] [id=18572]

[error occurred during error reporting (printing all threads), id 0xc0000005, EXCEPTION_ACCESS_VIOLATION (0xc0000005) at pc=0x00007ffebcea3ed7]

VM state:not at safepoint (not fully initialized)

VM Mutex/Monitor currently owned by a thread:  ([mutex/lock_event])
[0x000002086911b130] Heap_lock - owner thread: 0x000002086911e800

Heap address: 0x00000006c2e00000, size: 5074 MB, Compressed Oops mode: Non-zero based: 0x00000006c2e00000
Narrow klass base: 0x0000000000000000, Narrow klass shift: 0

GC Heap History (0 events):
No events

Deoptimization events (0 events):
No events

Classes redefined (0 events):
No events

Internal exceptions (0 events):
No events

Events (1 events):
Event: 0.007 Loaded shared library C:\java\jdk-11.0.14.1\bin\zip.dll


Dynamic libraries:
0x00007ff647e00000 - 0x00007ff647e0d000 	C:\java\jdk-11.0.14.1\bin\java.exe
0x00007fff27990000 - 0x00007fff27b7e000 	C:\Windows\SYSTEM32\ntdll.dll
0x00007fff26b50000 - 0x00007fff26c03000 	C:\Windows\System32\KERNEL32.DLL
0x00007fff23a00000 - 0x00007fff23c9a000 	C:\Windows\System32\KERNELBASE.dll
0x00007fff241a0000 - 0x00007fff2429a000 	C:\Windows\System32\ucrtbase.dll
0x00007fff187c0000 - 0x00007fff187d7000 	C:\java\jdk-11.0.14.1\bin\jli.dll
0x00007fff18dd0000 - 0x00007fff18de5000 	C:\java\jdk-11.0.14.1\bin\VCRUNTIME140.dll
0x00007fff27370000 - 0x00007fff27507000 	C:\Windows\System32\USER32.dll
0x00007fff0f2c0000 - 0x00007fff0f539000 	C:\Windows\WinSxS\amd64_microsoft.windows.common-controls_6595b64144ccf1df_6.0.17763.3165_none_de7375f653495041\COMCTL32.dll
0x00007fff24a80000 - 0x00007fff24aa0000 	C:\Windows\System32\win32u.dll
0x00007fff27660000 - 0x00007fff276fe000 	C:\Windows\System32\msvcrt.dll
0x00007fff26f40000 - 0x00007fff26f69000 	C:\Windows\System32\GDI32.dll
0x00007fff26c10000 - 0x00007fff26f3b000 	C:\Windows\System32\combase.dll
0x00007fff24000000 - 0x00007fff2419c000 	C:\Windows\System32\gdi32full.dll
0x00007fff263b0000 - 0x00007fff264cd000 	C:\Windows\System32\RPCRT4.dll
0x00007fff24af0000 - 0x00007fff24b90000 	C:\Windows\System32\msvcp_win.dll
0x00007fff23f70000 - 0x00007fff23ff2000 	C:\Windows\System32\bcryptPrimitives.dll
0x00007fff27170000 - 0x00007fff2719e000 	C:\Windows\System32\IMM32.DLL
0x00007ffef03f0000 - 0x00007ffef048b000 	C:\java\jdk-11.0.14.1\bin\msvcp140.dll
0x00007ffebcbb0000 - 0x00007ffebd730000 	C:\java\jdk-11.0.14.1\bin\server\jvm.dll
0x00007fff26f70000 - 0x00007fff27017000 	C:\Windows\System32\ADVAPI32.dll
0x00007fff275c0000 - 0x00007fff2765f000 	C:\Windows\System32\sechost.dll
0x00007fff270a0000 - 0x00007fff270a8000 	C:\Windows\System32\PSAPI.DLL
0x00007fff0daa0000 - 0x00007fff0daa9000 	C:\Windows\SYSTEM32\WSOCK32.dll
0x00007fff19410000 - 0x00007fff1941a000 	C:\Windows\SYSTEM32\VERSION.dll
0x00007fff1be20000 - 0x00007fff1be44000 	C:\Windows\SYSTEM32\WINMM.dll
0x00007fff27760000 - 0x00007fff277cd000 	C:\Windows\System32\WS2_32.dll
0x00007fff1bd10000 - 0x00007fff1bd3d000 	C:\Windows\SYSTEM32\winmmbase.dll
0x00007fff24aa0000 - 0x00007fff24aea000 	C:\Windows\System32\cfgmgr32.dll
0x00007fff23980000 - 0x00007fff23991000 	C:\Windows\System32\kernel.appcore.dll
0x00007fff18dc0000 - 0x00007fff18dd0000 	C:\java\jdk-11.0.14.1\bin\verify.dll
0x00007fff1ea30000 - 0x00007fff1ec1d000 	C:\Windows\SYSTEM32\DBGHELP.DLL
0x00007fff0ab80000 - 0x00007fff0abaa000 	C:\Windows\SYSTEM32\dbgcore.DLL
0x00007fff186d0000 - 0x00007fff186f8000 	C:\java\jdk-11.0.14.1\bin\java.dll
0x00007fff186c0000 - 0x00007fff186ca000 	C:\java\jdk-11.0.14.1\bin\jimage.dll
0x00007fff12100000 - 0x00007fff12118000 	C:\java\jdk-11.0.14.1\bin\zip.dll

dbghelp: loaded successfully - version: 4.0.5 - missing functions: none
symbol engine: initialized successfully - sym options: 0x614 - pdb path: .;C:\java\jdk-11.0.14.1\bin;C:\Windows\SYSTEM32;C:\Windows\WinSxS\amd64_microsoft.windows.common-controls_6595b64144ccf1df_6.0.17763.3165_none_de7375f653495041;C:\java\jdk-11.0.14.1\bin\server

VM Arguments:
jvm_args: -Dsass.compiler.jni.clean.temp.dir=true -Dfile.encoding=UTF-8 -Duser.country=RU -Duser.language=ru -Duser.variant 
java_command: com.liferay.css.builder.CSSBuilder --append-css-import-timestamps=true --base-dir=C:/project/liferay-training/modules/first-portlet/build/tmp/copyCSS --dir-names=/ --excludes=**/_diffs/**,**/.sass-cache*/**,**/.sass_cache_*/**,**/_sass_cache_*/**,**/_styled/**,**/_unstyled/**,**/css/aui/**,**/css/clay/**,**/tmp/** --generate-source-map=false --import-paths=C:\Gradle\gradle-7.4.2\caches\modules-2\files-2.1\com.liferay\com.liferay.frontend.css.common\6.0.4\b5c429a946a65ca9641d1f0f5f4542010837a8d0\com.liferay.frontend.css.common-6.0.4.jar --output-dir=.sass-cache/ --precision=9 --rtl-excluded-path-regexps=
java_class_path (initial): C:\Gradle\gradle-7.4.2\caches\modules-2\files-2.1\com.liferay\com.liferay.css.builder\3.0.3\b57d5faed1a1c17833c60f6383257648372d282e\com.liferay.css.builder-3.0.3.jar;C:\Gradle\gradle-7.4.2\caches\modules-2\files-2.1\com.liferay\com.liferay.sass.compiler.jni\2.0.9\b420698786a8ef03f28eb3c7894deec4a82a4cfe\com.liferay.sass.compiler.jni-2.0.9.jar;C:\Gradle\gradle-7.4.2\caches\modules-2\files-2.1\com.liferay\com.liferay.sass.compiler.ruby\2.0.6\47198a15bf9aeb6597bbda3bb98f83b86a2caf5b\com.liferay.sass.compiler.ruby-2.0.6.jar;C:\Gradle\gradle-7.4.2\caches\modules-2\files-2.1\org.codehaus.plexus\plexus-utils\3.0.15\519b3f1fc84d3387c61a8c8e6235daf89aea4168\plexus-utils-3.0.15.jar;C:\Gradle\gradle-7.4.2\caches\modules-2\files-2.1\org.sonatype.plexus\plexus-build-api\0.0.7\e6ba5cd4bfd8de00235af936e7f63eb24ed436e6\plexus-build-api-0.0.7.jar;C:\Gradle\gradle-7.4.2\caches\modules-2\files-2.1\com.liferay\com.liferay.sass.compiler.api\2.0.1\2b3816efa1f5c048f89b57dc7efc60b2747ce5eb\com.liferay.sass.compiler.api-2.0.1.jar;C:\Gradle\gradle-7.4.2\caches\modules-2\files-2.1\org.jruby\jruby-complete\9.2.7.0\308120bca38f617e7b275af8ce0cbd9f0be66218\jruby-complete-9.2.7.0.jar
Launcher Type: SUN_STANDARD

[Global flags]
     intx CICompilerCount                          = 4                                         {product} {ergonomic}
     uint ConcGCThreads                            = 2                                         {product} {ergonomic}
     uint G1ConcRefinementThreads                  = 8                                         {product} {ergonomic}
   size_t G1HeapRegionSize                         = 1048576                                   {product} {ergonomic}
    uintx GCDrainStackTargetSize                   = 64                                        {product} {ergonomic}
   size_t InitialHeapSize                          = 333447168                                 {product} {ergonomic}
   size_t MarkStackSize                            = 4194304                                   {product} {ergonomic}
   size_t MaxHeapSize                              = 5320474624                                {product} {ergonomic}
   size_t MinHeapDeltaBytes                        = 1048576                                   {product} {ergonomic}
    uintx NonNMethodCodeHeapSize                   = 5836300                                {pd product} {ergonomic}
    uintx NonProfiledCodeHeapSize                  = 122910970                              {pd product} {ergonomic}
    uintx ProfiledCodeHeapSize                     = 122910970                              {pd product} {ergonomic}
    uintx ReservedCodeCacheSize                    = 251658240                              {pd product} {ergonomic}
     bool SegmentedCodeCache                       = true                                      {product} {ergonomic}
     bool UseCompressedClassPointers               = true                                 {lp64_product} {ergonomic}
     bool UseCompressedOops                        = true                                 {lp64_product} {ergonomic}
     bool UseG1GC                                  = true                                      {product} {ergonomic}
     bool UseLargePagesIndividualAllocation        = false                                  {pd product} {ergonomic}

Logging:
Log output configuration:
 #0: stdout all=warning uptime,level,tags
 #1: stderr all=off uptime,level,tags

Environment Variables:
JAVA_HOME=C:\java\jdk-11.0.14.1
PATH=E:\app\Aleksei\virtual\product\12.2.0\dbhome_1\bin;C:\Windows\system32;C:\Windows;C:\Windows\System32\Wbem;C:\Windows\System32\WindowsPowerShell\v1.0\;C:\Windows\System32\OpenSSH\;C:\Tools\apache-maven-3.8.3-bin\apache-maven-3.8.3\bin;C:\java\jdk-11.0.14.1\bin;C:\Program Files\PostgreSQL\13\bin;C:\Tools\zookeeper-3.7.0\bin;C:\Gradle\gradle-7.4.2\bin;C:\Program Files\Docker\Docker\resources\bin;C:\ProgramData\DockerDesktop\version-bin;%M2_HOME%\bin;C:\Program Files\Git\cmd;C:\Users\Aleksei\AppData\Local\Microsoft\WindowsApps;C:\Tools\zookeeper-3.7.0\bin;C:\java\jdk-11.0.14.1\bin;
USERNAME=Aleksei
OS=Windows_NT
PROCESSOR_IDENTIFIER=Intel64 Family 6 Model 142 Stepping 12, GenuineIntel



---------------  S Y S T E M  ---------------

OS: Windows 10 , 64 bit Build 17763 (10.0.17763.2989)
OS uptime: 5 days 4:21 hours
Hyper-V role detected

CPU:total 8 (initial active 8) (4 cores per cpu, 2 threads per core) family 6 model 142 stepping 12 microcode 0xde, cmov, cx8, fxsr, mmx, sse, sse2, sse3, ssse3, sse4.1, sse4.2, popcnt, avx, avx2, aes, clmul, erms, 3dnowpref, lzcnt, ht, tsc, tscinvbit, bmi1, bmi2, adx, fma

Memory: 4k page, system-wide physical 20293M (5089M free)
TotalPageFile size 22341M (AvailPageFile size 20M)
current process WorkingSet (physical memory assigned to process): 10M, peak: 10M
current process commit charge ("private bytes"): 61M, peak: 379M

vm_info: OpenJDK 64-Bit Server VM (11.0.14.1+1-LTS) for windows-amd64 JRE (11.0.14.1+1-LTS), built on Feb  7 2022 08:39:02 by "" with unknown MS VC++:1916

END.
